<?xml version="1.0" encoding="UTF-8"?>
<testng-results skipped="0" failed="0" total="1" passed="1">
  <reporter-output>
  </reporter-output>
  <suite name="Default suite" duration-ms="37834" started-at="2014-10-30T11:27:24Z" finished-at="2014-10-30T11:28:02Z">
    <groups>
    </groups>
    <test name="Default test" duration-ms="37834" started-at="2014-10-30T11:27:24Z" finished-at="2014-10-30T11:28:02Z">
      <class name="seleniumpackage.SeleniumTest">
        <test-method status="PASS" signature="setUp()[pri:0, instance:seleniumpackage.SeleniumTest@7a20807c]" name="setUp" is-config="true" duration-ms="50" started-at="2014-10-30T16:57:24Z" finished-at="2014-10-30T16:57:24Z">
          <reporter-output>
          </reporter-output>
        </test-method> <!-- setUp -->
        <test-method status="PASS" signature="macysValidation()[pri:0, instance:seleniumpackage.SeleniumTest@7a20807c]" name="macysValidation" duration-ms="37387" started-at="2014-10-30T16:57:24Z" finished-at="2014-10-30T16:58:01Z">
          <reporter-output>
          </reporter-output>
        </test-method> <!-- macysValidation -->
        <test-method status="PASS" signature="Quit()[pri:0, instance:seleniumpackage.SeleniumTest@7a20807c]" name="Quit" is-config="true" duration-ms="384" started-at="2014-10-30T16:58:01Z" finished-at="2014-10-30T16:58:02Z">
          <reporter-output>
          </reporter-output>
        </test-method> <!-- Quit -->
      </class> <!-- seleniumpackage.SeleniumTest -->
    </test> <!-- Default test -->
  </suite> <!-- Default suite -->
</testng-results>
